This is pdfTeX, Version 3.14159265-2.6-1.40.17 (TeX Live 2016) (preloaded format=pdflatex 2016.5.22)  28 SEP 2018 00:21
entering extended mode
 restricted \write18 enabled.
 %&-line parsing enabled.
**/Users/user/Documents/Professional/NOAO_Proposal_Sep2018/dthomas50094253655.t
ex

(/Users/user/Documents/Professional/NOAO_Proposal_Sep2018/dthomas50094253655.te
x
LaTeX2e <2016/03/31>
Babel <3.9r> and hyphenation patterns for 83 language(s) loaded.
(/usr/local/texlive/2016/texmf-dist/tex/latex/base/article.cls
Document Class: article 2014/09/29 v1.4h Standard LaTeX document class
(/usr/local/texlive/2016/texmf-dist/tex/latex/base/size11.clo
File: size11.clo 2014/09/29 v1.4h Standard LaTeX file (size option)
)
\c@part=\count79
\c@section=\count80
\c@subsection=\count81
\c@subsubsection=\count82
\c@paragraph=\count83
\c@subparagraph=\count84
\c@figure=\count85
\c@table=\count86
\abovecaptionskip=\skip41
\belowcaptionskip=\skip42
\bibindent=\dimen102
) (/Users/user/Documents/Professional/NOAO_Proposal_Sep2018/nprop30.sty
\maxnumcois=\count87
\c@CoI=\count88
\c@obsrun=\count89
(/usr/local/texlive/2016/texmf-dist/tex/generic/epsf/epsf.sty
This is `epsf.tex' v2.7.4 <14 February 2011>
\epsffilein=\read1
\epsfframemargin=\dimen103
\epsfframethickness=\dimen104
\epsfrsize=\dimen105
\epsftmp=\dimen106
\epsftsize=\dimen107
\epsfxsize=\dimen108
\epsfysize=\dimen109
\pspoints=\dimen110
)) (/usr/local/texlive/2016/texmf-dist/tex/latex/graphics/graphicx.sty
Package: graphicx 2014/10/28 v1.0g Enhanced LaTeX Graphics (DPC,SPQR)
(/usr/local/texlive/2016/texmf-dist/tex/latex/graphics/keyval.sty
Package: keyval 2014/10/28 v1.15 key=value parser (DPC)
\KV@toks@=\toks14
) (/usr/local/texlive/2016/texmf-dist/tex/latex/graphics/graphics.sty
Package: graphics 2016/05/09 v1.0r Standard LaTeX Graphics (DPC,SPQR)
(/usr/local/texlive/2016/texmf-dist/tex/latex/graphics/trig.sty
Package: trig 2016/01/03 v1.10 sin cos tan (DPC)
) (/usr/local/texlive/2016/texmf-dist/tex/latex/graphics-cfg/graphics.cfg
File: graphics.cfg 2016/01/02 v1.10 sample graphics configuration
)
Package graphics Info: Driver file: pdftex.def on input line 96.
(/usr/local/texlive/2016/texmf-dist/tex/latex/pdftex-def/pdftex.def
File: pdftex.def 2011/05/27 v0.06d Graphics/color for pdfTeX
(/usr/local/texlive/2016/texmf-dist/tex/generic/oberdiek/infwarerr.sty
Package: infwarerr 2016/05/16 v1.4 Providing info/warning/error messages (HO)
) (/usr/local/texlive/2016/texmf-dist/tex/generic/oberdiek/ltxcmds.sty
Package: ltxcmds 2016/05/16 v1.23 LaTeX kernel commands for general use (HO)
)
\Gread@gobject=\count90
))
\Gin@req@height=\dimen111
\Gin@req@width=\dimen112
) (/usr/local/texlive/2016/texmf-dist/tex/latex/tools/longtable.sty
Package: longtable 2014/10/28 v4.11 Multi-page Table package (DPC)
\LTleft=\skip43
\LTright=\skip44
\LTpre=\skip45
\LTpost=\skip46
\LTchunksize=\count91
\LTcapwidth=\dimen113
\LT@head=\box26
\LT@firsthead=\box27
\LT@foot=\box28
\LT@lastfoot=\box29
\LT@cols=\count92
\LT@rows=\count93
\c@LT@tables=\count94
\c@LT@chunks=\count95
\LT@p@ftn=\toks15
)
(/Users/user/Documents/Professional/NOAO_Proposal_Sep2018/dthomas50094253655.au
x)
\openout1 = `dthomas50094253655.aux'.

LaTeX Font Info:    Checking defaults for OML/cmm/m/it on input line 75.
LaTeX Font Info:    ... okay on input line 75.
LaTeX Font Info:    Checking defaults for T1/cmr/m/n on input line 75.
LaTeX Font Info:    ... okay on input line 75.
LaTeX Font Info:    Checking defaults for OT1/cmr/m/n on input line 75.
LaTeX Font Info:    ... okay on input line 75.
LaTeX Font Info:    Checking defaults for OMS/cmsy/m/n on input line 75.
LaTeX Font Info:    ... okay on input line 75.
LaTeX Font Info:    Checking defaults for OMX/cmex/m/n on input line 75.
LaTeX Font Info:    ... okay on input line 75.
LaTeX Font Info:    Checking defaults for U/cmr/m/n on input line 75.
LaTeX Font Info:    ... okay on input line 75.
(/usr/local/texlive/2016/texmf-dist/tex/context/base/mkii/supp-pdf.mkii
[Loading MPS to PDF converter (version 2006.09.02).]
\scratchcounter=\count96
\scratchdimen=\dimen114
\scratchbox=\box30
\nofMPsegments=\count97
\nofMParguments=\count98
\everyMPshowfont=\toks16
\MPscratchCnt=\count99
\MPscratchDim=\dimen115
\MPnumerator=\count100
\makeMPintoPDFobject=\count101
\everyMPtoPDFconversion=\toks17
) (/usr/local/texlive/2016/texmf-dist/tex/generic/oberdiek/pdftexcmds.sty
Package: pdftexcmds 2016/05/10 v0.21 Utility functions of pdfTeX for LuaTeX (HO
)
(/usr/local/texlive/2016/texmf-dist/tex/generic/oberdiek/ifluatex.sty
Package: ifluatex 2016/05/16 v1.4 Provides the ifluatex switch (HO)
Package ifluatex Info: LuaTeX not detected.
) (/usr/local/texlive/2016/texmf-dist/tex/generic/oberdiek/ifpdf.sty
Package: ifpdf 2016/05/14 v3.1 Provides the ifpdf switch
)
Package pdftexcmds Info: LuaTeX not detected.
Package pdftexcmds Info: \pdf@primitive is available.
Package pdftexcmds Info: \pdf@ifprimitive is available.
Package pdftexcmds Info: \pdfdraftmode found.
) (/usr/local/texlive/2016/texmf-dist/tex/latex/oberdiek/epstopdf-base.sty
Package: epstopdf-base 2016/05/15 v2.6 Base part for package epstopdf
(/usr/local/texlive/2016/texmf-dist/tex/latex/oberdiek/grfext.sty
Package: grfext 2016/05/16 v1.2 Manage graphics extensions (HO)
(/usr/local/texlive/2016/texmf-dist/tex/generic/oberdiek/kvdefinekeys.sty
Package: kvdefinekeys 2016/05/16 v1.4 Define keys (HO)
)) (/usr/local/texlive/2016/texmf-dist/tex/latex/oberdiek/kvoptions.sty
Package: kvoptions 2016/05/16 v3.12 Key value format for package options (HO)
(/usr/local/texlive/2016/texmf-dist/tex/generic/oberdiek/kvsetkeys.sty
Package: kvsetkeys 2016/05/16 v1.17 Key value parser (HO)
(/usr/local/texlive/2016/texmf-dist/tex/generic/oberdiek/etexcmds.sty
Package: etexcmds 2016/05/16 v1.6 Avoid name clashes with e-TeX commands (HO)
Package etexcmds Info: Could not find \expanded.
(etexcmds)             That can mean that you are not using pdfTeX 1.50 or
(etexcmds)             that some package has redefined \expanded.
(etexcmds)             In the latter case, load this package earlier.
)))
Package grfext Info: Graphics extension search list:
(grfext)             [.png,.pdf,.jpg,.mps,.jpeg,.jbig2,.jb2,.PNG,.PDF,.JPG,.JPE
G,.JBIG2,.JB2,.eps]
(grfext)             \AppendGraphicsExtensions on input line 456.
(/usr/local/texlive/2016/texmf-dist/tex/latex/latexconfig/epstopdf-sys.cfg
File: epstopdf-sys.cfg 2010/07/13 v1.3 Configuration of (r)epstopdf for TeX Liv
e
))
LaTeX Font Info:    External font `cmex10' loaded for size
(Font)              <10.95> on input line 284.
LaTeX Font Info:    External font `cmex10' loaded for size
(Font)              <8> on input line 284.
LaTeX Font Info:    External font `cmex10' loaded for size
(Font)              <6> on input line 284.
[1

{/usr/local/texlive/2016/texmf-var/fonts/map/pdftex/updmap/pdftex.map}]
Overfull \hbox (17.39903pt too wide) detected at line 360
\OT1/cmr/m/n/10.95 Institute for Computational and Mathematical Engineering, 47
5 Via Ortega, Stanford, California 94305  
 []

[2] <blank.jpg, id=14, 2055.68pt x 1541.76pt>
File: blank.jpg Graphic file (type jpg)
<use blank.jpg>
Package pdftex.def Info: blank.jpg used on input line 524.
(pdftex.def)             Requested size: 411.12872pt x 308.34654pt.
<f7.pdf, id=15, 458.40195pt x 278.34865pt>
File: f7.pdf Graphic file (type pdf)
<use f7.pdf>
Package pdftex.def Info: f7.pdf used on input line 531.
(pdftex.def)             Requested size: 458.40082pt x 278.34796pt.
<survey.pdf, id=16, 619.9819pt x 387.47635pt>
File: survey.pdf Graphic file (type pdf)
<use survey.pdf>
Package pdftex.def Info: survey.pdf used on input line 538.
(pdftex.def)             Requested size: 433.98438pt x 271.2316pt.
[3] [4 </Users/user/Documents/Professional/NOAO_Proposal_Sep2018/blank.jpg>] [5
 </Users/user/Documents/Professional/NOAO_Proposal_Sep2018/f7.pdf> </Users/user
/Documents/Professional/NOAO_Proposal_Sep2018/survey.pdf

pdfTeX warning: pdflatex (file /Users/user/Documents/Professional/NOAO_Proposal
_Sep2018/survey.pdf): PDF inclusion: multiple pdfs with page group included in 
a single page
>] [6

] [7]
LaTeX Font Info:    Try loading font information for OMS+cmr on input line 691.

(/usr/local/texlive/2016/texmf-dist/tex/latex/base/omscmr.fd
File: omscmr.fd 2014/09/29 v2.5h Standard LaTeX font definitions
)
LaTeX Font Info:    Font shape `OMS/cmr/m/n' in size <10.95> not available
(Font)              Font shape `OMS/cmsy/m/n' tried instead on input line 691.
LaTeX Font Info:    External font `cmex10' loaded for size
(Font)              <9> on input line 732.
LaTeX Font Info:    External font `cmex10' loaded for size
(Font)              <5> on input line 732.
[8]
Overfull \hbox (15.88173pt too wide) in alignment at lines 735--758
 [] [] [] [] [] [] 
 []


Underfull \vbox (badness 10000) detected at line 758
 []


Overfull \hbox (15.88173pt too wide) in alignment at lines 758--778
 [] [] [] [] [] [] 
 []


Overfull \hbox (15.88173pt too wide) in alignment at lines 778--798
 [] [] [] [] [] [] 
 []


Overfull \hbox (15.88173pt too wide) in alignment at lines 798--818
 [] [] [] [] [] [] 
 []

[9]
Overfull \hbox (15.88173pt too wide) in alignment at lines 818--838
 [] [] [] [] [] [] 
 []


Overfull \hbox (15.88173pt too wide) in alignment at lines 838--858
 [] [] [] [] [] [] 
 []

[10]
Overfull \hbox (15.88173pt too wide) in alignment at lines 858--878
 [] [] [] [] [] [] 
 []


Overfull \hbox (15.88173pt too wide) in alignment at lines 878--898
 [] [] [] [] [] [] 
 []


Overfull \hbox (15.88173pt too wide) in alignment at lines 898--918
 [] [] [] [] [] [] 
 []

[11]
Overfull \hbox (15.88173pt too wide) in alignment at lines 918--938
 [] [] [] [] [] [] 
 []


Overfull \hbox (15.88173pt too wide) in alignment at lines 938--958
 [] [] [] [] [] [] 
 []

[12]
Overfull \hbox (15.88173pt too wide) in alignment at lines 958--962
 [] [] [] [] [] [] 
 []

[13]
(/Users/user/Documents/Professional/NOAO_Proposal_Sep2018/dthomas50094253655.au
x) ) 
Here is how much of TeX's memory you used:
 2099 strings out of 493014
 28669 string characters out of 6133351
 126524 words of memory out of 5000000
 5627 multiletter control sequences out of 15000+600000
 10214 words of font info for 35 fonts, out of 8000000 for 9000
 1141 hyphenation exceptions out of 8191
 37i,10n,23p,995b,356s stack positions out of 5000i,500n,10000p,200000b,80000s
</usr/local/texlive/2016/texmf-dist/fonts/type1/public/amsfonts/cm/cmbx10.p
fb></usr/local/texlive/2016/texmf-dist/fonts/type1/public/amsfonts/cm/cmbx12.pf
b></usr/local/texlive/2016/texmf-dist/fonts/type1/public/amsfonts/cm/cmex10.pfb
></usr/local/texlive/2016/texmf-dist/fonts/type1/public/amsfonts/cm/cmmi10.pfb>
</usr/local/texlive/2016/texmf-dist/fonts/type1/public/amsfonts/cm/cmmi6.pfb></
usr/local/texlive/2016/texmf-dist/fonts/type1/public/amsfonts/cm/cmmi8.pfb></us
r/local/texlive/2016/texmf-dist/fonts/type1/public/amsfonts/cm/cmmi9.pfb></usr/
local/texlive/2016/texmf-dist/fonts/type1/public/amsfonts/cm/cmr10.pfb></usr/lo
cal/texlive/2016/texmf-dist/fonts/type1/public/amsfonts/cm/cmr6.pfb></usr/local
/texlive/2016/texmf-dist/fonts/type1/public/amsfonts/cm/cmr9.pfb></usr/local/te
xlive/2016/texmf-dist/fonts/type1/public/amsfonts/cm/cmsl10.pfb></usr/local/tex
live/2016/texmf-dist/fonts/type1/public/amsfonts/cm/cmsy10.pfb></usr/local/texl
ive/2016/texmf-dist/fonts/type1/public/amsfonts/cm/cmti10.pfb>
Output written on /Users/user/Documents/Professional/NOAO_Proposal_Sep2018/dtho
mas50094253655.pdf (13 pages, 333940 bytes).
PDF statistics:
 199 PDF objects out of 1000 (max. 8388607)
 85 compressed objects within 1 object stream
 0 named destinations out of 1000 (max. 500000)
 16 words of extra memory for PDF output out of 10000 (max. 10000000)

